#
# There is insufficient memory for the Java Runtime Environment to continue.
# Native memory allocation (malloc) failed to allocate 115184 bytes for Chunk::new
# Possible reasons:
#   The system is out of physical RAM or swap space
#   The process is running with CompressedOops enabled, and the Java Heap may be blocking the growth of the native heap
# Possible solutions:
#   Reduce memory load on the system
#   Increase physical memory or swap space
#   Check if swap backing store is full
#   Decrease Java heap size (-Xmx/-Xms)
#   Decrease number of Java threads
#   Decrease Java thread stack sizes (-Xss)
#   Set larger code cache with -XX:ReservedCodeCacheSize=
#   JVM is running with Unscaled Compressed Oops mode in which the Java heap is
#     placed in the first 4GB address space. The Java Heap base address is the
#     maximum limit for the native heap growth. Please use -XX:HeapBaseMinAddress
#     to set the Java Heap base and to place the Java Heap above 4GB virtual address.
# This output file may be truncated or incomplete.
#
#  Out of Memory Error (allocation.cpp:389), pid=5744, tid=0x0000000000004ca4
#
# JRE version: OpenJDK Runtime Environment (8.0_202-b03) (build 1.8.0_202-release-1483-b03)
# Java VM: OpenJDK 64-Bit Server VM (25.202-b03 mixed mode windows-amd64 compressed oops)
# Failed to write core dump. Minidumps are not enabled by default on client versions of Windows
#

---------------  T H R E A D  ---------------

Current thread (0x0000000016479000):  JavaThread "C2 CompilerThread0" daemon [_thread_in_native, id=19620, stack(0x0000000017af0000,0x0000000017bf0000)]

Stack: [0x0000000017af0000,0x0000000017bf0000]
[error occurred during error reporting (printing stack bounds), id 0xc0000005]

Native frames: (J=compiled Java code, j=interpreted, Vv=VM code, C=native code)


Current CompileTask:
C2:  15960 4022   !   4       com.sun.beans.TypeResolver::resolve (274 bytes)


---------------  P R O C E S S  ---------------

Java Threads: ( => current thread )
  0x000000001bf68800 JavaThread "Cache worker for Build Output Cleanup Cache (C:\Users\Dell\Downloads\Firebase-Recycler-MDetail-master\ISpy\.gradle\buildOutputCleanup)" [_thread_blocked, id=27532, stack(0x0000000021200000,0x0000000021300000)]
  0x000000001bf66800 JavaThread "Build operations Thread 4" [_thread_blocked, id=26640, stack(0x0000000020b00000,0x0000000020c00000)]
  0x000000001bf67000 JavaThread "Build operations Thread 3" [_thread_blocked, id=9020, stack(0x0000000020a00000,0x0000000020b00000)]
  0x000000001bf6a000 JavaThread "Build operations Thread 2" [_thread_blocked, id=8512, stack(0x0000000020900000,0x0000000020a00000)]
  0x000000001bf64000 JavaThread "Build operations" [_thread_blocked, id=7680, stack(0x0000000020800000,0x0000000020900000)]
  0x000000001bf69800 JavaThread "Cache worker for execution history cache (C:\Users\Dell\.gradle\caches\5.4.1\executionHistory)" [_thread_blocked, id=6956, stack(0x0000000020300000,0x0000000020400000)]
  0x000000001bf65800 JavaThread "Cache worker for cache directory md-rule (C:\Users\Dell\.gradle\caches\5.4.1\md-rule)" [_thread_blocked, id=22520, stack(0x000000001e960000,0x000000001ea60000)]
  0x0000000018f59800 JavaThread "Cache worker for cache directory md-supplier (C:\Users\Dell\.gradle\caches\5.4.1\md-supplier)" [_thread_blocked, id=29324, stack(0x000000001e6b0000,0x000000001e7b0000)]
  0x0000000018f5c800 JavaThread "Cache worker for file hash cache (C:\Users\Dell\Downloads\Firebase-Recycler-MDetail-master\ISpy\.gradle\5.4.1\fileHashes)" [_thread_blocked, id=26020, stack(0x000000001e860000,0x000000001e960000)]
  0x0000000018f58000 JavaThread "Cache worker for journal cache (C:\Users\Dell\.gradle\caches\journal-1)" [_thread_blocked, id=26016, stack(0x000000001b040000,0x000000001b140000)]
  0x0000000018f5b800 JavaThread "File lock request listener" [_thread_in_native, id=9052, stack(0x000000001af40000,0x000000001b040000)]
  0x0000000018f5a000 JavaThread "Cache worker for file hash cache (C:\Users\Dell\.gradle\caches\5.4.1\fileHashes)" [_thread_blocked, id=28868, stack(0x000000001ae40000,0x000000001af40000)]
  0x0000000017e8a000 JavaThread "Thread-9" [_thread_blocked, id=29264, stack(0x000000001ad40000,0x000000001ae40000)]
  0x0000000017e7d000 JavaThread "Stdin handler" [_thread_blocked, id=29164, stack(0x000000001ac40000,0x000000001ad40000)]
  0x0000000018019800 JavaThread "Asynchronous log dispatcher for DefaultDaemonConnection: socket connection from /127.0.0.1:52469 to /127.0.0.1:52470" [_thread_blocked, id=15132, stack(0x000000001ab40000,0x000000001ac40000)]
  0x00000000181c5800 JavaThread "Daemon worker" [_thread_blocked, id=29312, stack(0x000000001aa40000,0x000000001ab40000)]
  0x000000001858b000 JavaThread "Cancel handler" [_thread_blocked, id=28256, stack(0x000000001a940000,0x000000001aa40000)]
  0x00000000185b7800 JavaThread "Handler for socket connection from /127.0.0.1:52469 to /127.0.0.1:52470" [_thread_in_native, id=14432, stack(0x000000001a640000,0x000000001a740000)]
  0x00000000184ea000 JavaThread "Daemon" [_thread_blocked, id=9028, stack(0x000000001a540000,0x000000001a640000)]
  0x00000000184d1800 JavaThread "Daemon periodic checks" [_thread_blocked, id=29488, stack(0x000000001a440000,0x000000001a540000)]
  0x0000000018166800 JavaThread "Incoming local TCP Connector on port 52469" [_thread_in_native, id=16528, stack(0x000000001a200000,0x000000001a300000)]
  0x0000000019632800 JavaThread "Daemon health stats" [_thread_blocked, id=29200, stack(0x0000000019bc0000,0x0000000019cc0000)]
  0x00000000164da800 JavaThread "Service Thread" daemon [_thread_blocked, id=25124, stack(0x00000000181f0000,0x00000000182f0000)]
  0x00000000164c2000 JavaThread "C1 CompilerThread2" daemon [_thread_blocked, id=28792, stack(0x0000000017cf0000,0x0000000017df0000)]
  0x0000000016480000 JavaThread "C2 CompilerThread1" daemon [_thread_in_native, id=26824, stack(0x0000000017bf0000,0x0000000017cf0000)]
=>0x0000000016479000 JavaThread "C2 CompilerThread0" daemon [_thread_in_native, id=19620, stack(0x0000000017af0000,0x0000000017bf0000)]
  0x0000000016485000 JavaThread "Attach Listener" daemon [_thread_blocked, id=8968, stack(0x00000000179f0000,0x0000000017af0000)]
  0x0000000016484000 JavaThread "Signal Dispatcher" daemon [_thread_blocked, id=25768, stack(0x00000000178f0000,0x00000000179f0000)]
  0x0000000002b0b000 JavaThread "Finalizer" daemon [_thread_blocked, id=24940, stack(0x00000000176f0000,0x00000000177f0000)]
  0x0000000016469000 JavaThread "Reference Handler" daemon [_thread_blocked, id=11944, stack(0x00000000175f0000,0x00000000176f0000)]
  0x0000000002a0d800 JavaThread "main" [_thread_blocked, id=28748, stack(0x0000000002810000,0x0000000002910000)]

Other Threads:
  0x0000000016446000 VMThread [stack: 0x00000000174f0000,0x00000000175f0000] [id=8536]
  0x00000000164db800 WatcherThread [stack: 0x00000000182f0000,0x00000000183f0000] [id=13556]

VM state:at safepoint (normal execution)

VM Mutex/Monitor currently owned by a thread:  ([mutex/lock_event])
[0x0000000002a0c500] Threads_lock - owner thread: 0x0000000016446000
[0x0000000002a0c600] Heap_lock - owner thread: 0x00000000181c5800

heap address: 0x00000000a0000000, size: 1536 MB, Compressed Oops mode: 32-bit
Narrow klass base: 0x0000000000000000, Narrow klass shift: 3
Compressed class space size: 1073741824 Address: 0x0000000100000000

Heap:
 PSYoungGen      total 160256K, used 31660K [0x00000000e0000000, 0x00000000eaf80000, 0x0000000100000000)
  eden space 148480K, 13% used [0x00000000e0000000,0x00000000e136de18,0x00000000e9100000)
  from space 11776K, 99% used [0x00000000e9f00000,0x00000000eaa7d588,0x00000000eaa80000)
  to   space 14336K, 4% used [0x00000000e9100000,0x00000000e9190000,0x00000000e9f00000)
 ParOldGen       total 81920K, used 22835K [0x00000000a0000000, 0x00000000a5000000, 0x00000000e0000000)
  object space 81920K, 27% used [0x00000000a0000000,0x00000000a164ce68,0x00000000a5000000)
 Metaspace       used 45539K, capacity 46464K, committed 46680K, reserved 1093632K
  class space    used 6151K, capacity 6411K, committed 6528K, reserved 1048576K

Card table byte_map: [0x0000000011ed0000,0x00000000121e0000] byte_map_base: 0x00000000119d0000

Marking Bits: (ParMarkBitMap*) 0x0000000067839f30
 Begin Bits: [0x00000000127e0000, 0x0000000013fe0000)
 End Bits:   [0x0000000013fe0000, 0x00000000157e0000)

Polling page: 0x0000000000f50000

CodeCache: size=245760Kb used=13127Kb max_used=13411Kb free=232632Kb
 bounds [0x0000000002b10000, 0x0000000003840000, 0x0000000011b10000]
 total_blobs=4552 nmethods=3796 adapters=669
 compilation: enabled

Compilation events (10 events):
Event: 15.914 Thread 0x00000000164c2000 4075       3       java.lang.invoke.MethodHandleNatives::refKindIsMethod (19 bytes)
Event: 15.915 Thread 0x00000000164c2000 nmethod 4075 0x0000000002e49d10 code [0x0000000002e49e80, 0x0000000002e4a110]
Event: 15.915 Thread 0x00000000164c2000 4076       3       jdk.internal.org.objectweb.asm.MethodWriter::visitMaxs (1159 bytes)
Event: 15.920 Thread 0x00000000164c2000 nmethod 4076 0x0000000002f9e9d0 code [0x0000000002f9ee80, 0x0000000002fa14b8]
Event: 15.920 Thread 0x00000000164c2000 4077       3       jdk.internal.org.objectweb.asm.MethodWriter::visitEnd (1 bytes)
Event: 15.920 Thread 0x00000000164c2000 nmethod 4077 0x0000000002ce3d10 code [0x0000000002ce3e60, 0x0000000002ce3fb0]
Event: 15.920 Thread 0x00000000164c2000 4078       3       jdk.internal.org.objectweb.asm.MethodWriter::getSize (838 bytes)
Event: 15.926 Thread 0x00000000164c2000 nmethod 4078 0x0000000002da0d10 code [0x0000000002da1180, 0x0000000002da3568]
Event: 15.926 Thread 0x00000000164c2000 4079       3       jdk.internal.org.objectweb.asm.MethodWriter::put (1599 bytes)
Event: 15.934 Thread 0x00000000164c2000 nmethod 4079 0x00000000030bb310 code [0x00000000030bbbc0, 0x00000000030bf6b8]

GC Heap History (10 events):
Event: 6.610 GC heap after
Heap after GC invocations=8 (full 1):
 PSYoungGen      total 76800K, used 7852K [0x00000000e0000000, 0x00000000e8100000, 0x0000000100000000)
  eden space 66560K, 0% used [0x00000000e0000000,0x00000000e0000000,0x00000000e4100000)
  from space 10240K, 76% used [0x00000000e4100000,0x00000000e48ab0d8,0x00000000e4b00000)
  to   space 10240K, 0% used [0x00000000e7700000,0x00000000e7700000,0x00000000e8100000)
 ParOldGen       total 55808K, used 7655K [0x00000000a0000000, 0x00000000a3680000, 0x00000000e0000000)
  object space 55808K, 13% used [0x00000000a0000000,0x00000000a0779cc0,0x00000000a3680000)
 Metaspace       used 28665K, capacity 29104K, committed 29440K, reserved 1075200K
  class space    used 3863K, capacity 4011K, committed 4096K, reserved 1048576K
}
Event: 7.370 GC heap before
{Heap before GC invocations=9 (full 1):
 PSYoungGen      total 76800K, used 74412K [0x00000000e0000000, 0x00000000e8100000, 0x0000000100000000)
  eden space 66560K, 100% used [0x00000000e0000000,0x00000000e4100000,0x00000000e4100000)
  from space 10240K, 76% used [0x00000000e4100000,0x00000000e48ab0d8,0x00000000e4b00000)
  to   space 10240K, 0% used [0x00000000e7700000,0x00000000e7700000,0x00000000e8100000)
 ParOldGen       total 55808K, used 7655K [0x00000000a0000000, 0x00000000a3680000, 0x00000000e0000000)
  object space 55808K, 13% used [0x00000000a0000000,0x00000000a0779cc0,0x00000000a3680000)
 Metaspace       used 32049K, capacity 32552K, committed 32768K, reserved 1077248K
  class space    used 4411K, capacity 4563K, committed 4608K, reserved 1048576K
Event: 7.381 GC heap after
Heap after GC invocations=9 (full 1):
 PSYoungGen      total 120832K, used 8690K [0x00000000e0000000, 0x00000000e8100000, 0x0000000100000000)
  eden space 110592K, 0% used [0x00000000e0000000,0x00000000e0000000,0x00000000e6c00000)
  from space 10240K, 84% used [0x00000000e7700000,0x00000000e7f7c8e8,0x00000000e8100000)
  to   space 10752K, 0% used [0x00000000e6c00000,0x00000000e6c00000,0x00000000e7680000)
 ParOldGen       total 55808K, used 7663K [0x00000000a0000000, 0x00000000a3680000, 0x00000000e0000000)
  object space 55808K, 13% used [0x00000000a0000000,0x00000000a077bcc0,0x00000000a3680000)
 Metaspace       used 32049K, capacity 32552K, committed 32768K, reserved 1077248K
  class space    used 4411K, capacity 4563K, committed 4608K, reserved 1048576K
}
Event: 13.500 GC heap before
{Heap before GC invocations=10 (full 1):
 PSYoungGen      total 120832K, used 60131K [0x00000000e0000000, 0x00000000e8100000, 0x0000000100000000)
  eden space 110592K, 46% used [0x00000000e0000000,0x00000000e323c650,0x00000000e6c00000)
  from space 10240K, 84% used [0x00000000e7700000,0x00000000e7f7c8e8,0x00000000e8100000)
  to   space 10752K, 0% used [0x00000000e6c00000,0x00000000e6c00000,0x00000000e7680000)
 ParOldGen       total 55808K, used 7663K [0x00000000a0000000, 0x00000000a3680000, 0x00000000e0000000)
  object space 55808K, 13% used [0x00000000a0000000,0x00000000a077bcc0,0x00000000a3680000)
 Metaspace       used 34631K, capacity 35256K, committed 35416K, reserved 1079296K
  class space    used 4756K, capacity 4937K, committed 4992K, reserved 1048576K
Event: 13.515 GC heap after
Heap after GC invocations=10 (full 1):
 PSYoungGen      total 121344K, used 10734K [0x00000000e0000000, 0x00000000eaa80000, 0x0000000100000000)
  eden space 110592K, 0% used [0x00000000e0000000,0x00000000e0000000,0x00000000e6c00000)
  from space 10752K, 99% used [0x00000000e6c00000,0x00000000e767b930,0x00000000e7680000)
  to   space 11776K, 0% used [0x00000000e9f00000,0x00000000e9f00000,0x00000000eaa80000)
 ParOldGen       total 55808K, used 7703K [0x00000000a0000000, 0x00000000a3680000, 0x00000000e0000000)
  object space 55808K, 13% used [0x00000000a0000000,0x00000000a0785cc0,0x00000000a3680000)
 Metaspace       used 34631K, capacity 35256K, committed 35416K, reserved 1079296K
  class space    used 4756K, capacity 4937K, committed 4992K, reserved 1048576K
}
Event: 13.515 GC heap before
{Heap before GC invocations=11 (full 2):
 PSYoungGen      total 121344K, used 10734K [0x00000000e0000000, 0x00000000eaa80000, 0x0000000100000000)
  eden space 110592K, 0% used [0x00000000e0000000,0x00000000e0000000,0x00000000e6c00000)
  from space 10752K, 99% used [0x00000000e6c00000,0x00000000e767b930,0x00000000e7680000)
  to   space 11776K, 0% used [0x00000000e9f00000,0x00000000e9f00000,0x00000000eaa80000)
 ParOldGen       total 55808K, used 7703K [0x00000000a0000000, 0x00000000a3680000, 0x00000000e0000000)
  object space 55808K, 13% used [0x00000000a0000000,0x00000000a0785cc0,0x00000000a3680000)
 Metaspace       used 34631K, capacity 35256K, committed 35416K, reserved 1079296K
  class space    used 4756K, capacity 4937K, committed 4992K, reserved 1048576K
Event: 13.588 GC heap after
Heap after GC invocations=11 (full 2):
 PSYoungGen      total 121344K, used 0K [0x00000000e0000000, 0x00000000eaa80000, 0x0000000100000000)
  eden space 110592K, 0% used [0x00000000e0000000,0x00000000e0000000,0x00000000e6c00000)
  from space 10752K, 0% used [0x00000000e6c00000,0x00000000e6c00000,0x00000000e7680000)
  to   space 11776K, 0% used [0x00000000e9f00000,0x00000000e9f00000,0x00000000eaa80000)
 ParOldGen       total 81920K, used 17428K [0x00000000a0000000, 0x00000000a5000000, 0x00000000e0000000)
  object space 81920K, 21% used [0x00000000a0000000,0x00000000a11050a8,0x00000000a5000000)
 Metaspace       used 34624K, capacity 35232K, committed 35416K, reserved 1079296K
  class space    used 4754K, capacity 4933K, committed 4992K, reserved 1048576K
}
Event: 15.295 GC heap before
{Heap before GC invocations=12 (full 2):
 PSYoungGen      total 121344K, used 110592K [0x00000000e0000000, 0x00000000eaa80000, 0x0000000100000000)
  eden space 110592K, 100% used [0x00000000e0000000,0x00000000e6c00000,0x00000000e6c00000)
  from space 10752K, 0% used [0x00000000e6c00000,0x00000000e6c00000,0x00000000e7680000)
  to   space 11776K, 0% used [0x00000000e9f00000,0x00000000e9f00000,0x00000000eaa80000)
 ParOldGen       total 81920K, used 17428K [0x00000000a0000000, 0x00000000a5000000, 0x00000000e0000000)
  object space 81920K, 21% used [0x00000000a0000000,0x00000000a11050a8,0x00000000a5000000)
 Metaspace       used 45246K, capacity 46206K, committed 46552K, reserved 1089536K
  class space    used 6105K, capacity 6370K, committed 6400K, reserved 1048576K
Event: 15.318 GC heap after
Heap after GC invocations=12 (full 2):
 PSYoungGen      total 160256K, used 11765K [0x00000000e0000000, 0x00000000eaf80000, 0x0000000100000000)
  eden space 148480K, 0% used [0x00000000e0000000,0x00000000e0000000,0x00000000e9100000)
  from space 11776K, 99% used [0x00000000e9f00000,0x00000000eaa7d588,0x00000000eaa80000)
  to   space 14336K, 0% used [0x00000000e9100000,0x00000000e9100000,0x00000000e9f00000)
 ParOldGen       total 81920K, used 20510K [0x00000000a0000000, 0x00000000a5000000, 0x00000000e0000000)
  object space 81920K, 25% used [0x00000000a0000000,0x00000000a1407b98,0x00000000a5000000)
 Metaspace       used 45246K, capacity 46206K, committed 46552K, reserved 1089536K
  class space    used 6105K, capacity 6370K, committed 6400K, reserved 1048576K
}
Event: 15.949 GC heap before
{Heap before GC invocations=13 (full 2):
 PSYoungGen      total 160256K, used 31660K [0x00000000e0000000, 0x00000000eaf80000, 0x0000000100000000)
  eden space 148480K, 13% used [0x00000000e0000000,0x00000000e136de18,0x00000000e9100000)
  from space 11776K, 99% used [0x00000000e9f00000,0x00000000eaa7d588,0x00000000eaa80000)
  to   space 14336K, 0% used [0x00000000e9100000,0x00000000e9100000,0x00000000e9f00000)
 ParOldGen       total 81920K, used 20510K [0x00000000a0000000, 0x00000000a5000000, 0x00000000e0000000)
  object space 81920K, 25% used [0x00000000a0000000,0x00000000a1407b98,0x00000000a5000000)
 Metaspace       used 45539K, capacity 46464K, committed 46680K, reserved 1093632K
  class space    used 6151K, capacity 6411K, committed 6528K, reserved 1048576K

Deoptimization events (10 events):
Event: 14.565 Thread 0x00000000181c5800 Uncommon trap: reason=unstable_if action=reinterpret pc=0x00000000035aaa00 method=java.util.LinkedHashMap.get(Ljava/lang/Object;)Ljava/lang/Object; @ 20
Event: 14.651 Thread 0x00000000181c5800 Uncommon trap: reason=unstable_if action=reinterpret pc=0x000000000339e9a8 method=org.objectweb.asm.ByteVector.putUTF8(Ljava/lang/String;)Lorg/objectweb/asm/ByteVector; @ 93
Event: 14.758 Thread 0x00000000181c5800 Uncommon trap: reason=unstable_if action=reinterpret pc=0x00000000031635b0 method=org.objectweb.asm.ByteVector.putUTF8(Ljava/lang/String;)Lorg/objectweb/asm/ByteVector; @ 93
Event: 15.124 Thread 0x00000000181c5800 Uncommon trap: reason=unstable_if action=reinterpret pc=0x00000000033f3a60 method=org.gradle.internal.reflect.PropertyAccessorType.of(Ljava/lang/reflect/Method;)Lorg/gradle/internal/reflect/PropertyAccessorType; @ 56
Event: 15.671 Thread 0x00000000181c5800 Uncommon trap: reason=unstable_if action=reinterpret pc=0x0000000003833f24 method=groovy.lang.MetaClassImpl.checkIfStdMethod(Lgroovy/lang/MetaMethod;)V @ 55
Event: 15.671 Thread 0x00000000181c5800 Uncommon trap: reason=unstable_if action=reinterpret pc=0x0000000002cffc38 method=groovy.lang.MetaClassImpl.checkIfStdMethod(Lgroovy/lang/MetaMethod;)V @ 55
Event: 15.755 Thread 0x00000000181c5800 Uncommon trap: reason=unstable_if action=reinterpret pc=0x000000000382161c method=org.codehaus.groovy.runtime.metaclass.MetaMethodIndex.isNonRealMethod(Lgroovy/lang/MetaMethod;)Z @ 4
Event: 15.758 Thread 0x00000000181c5800 Uncommon trap: reason=unstable_if action=reinterpret pc=0x0000000003642994 method=groovy.lang.MetaClassImpl$1MOPIter.methodNameAction(Ljava/lang/Class;Lorg/codehaus/groovy/runtime/metaclass/MetaMethodIndex$Entry;)V @ 182
Event: 15.771 Thread 0x00000000181c5800 Uncommon trap: reason=class_check action=maybe_recompile pc=0x0000000003666100 method=org.codehaus.groovy.reflection.ParameterTypes.getParametersTypes0()V @ 16
Event: 15.825 Thread 0x00000000181c5800 Uncommon trap: reason=unstable_if action=reinterpret pc=0x000000000373ee44 method=java.lang.ClassLoader.checkCerts(Ljava/lang/String;Ljava/security/CodeSource;)V @ 29

Classes redefined (0 events):
No events

Internal exceptions (10 events):
Event: 15.816 Thread 0x00000000181c5800 Exception <a 'java/lang/ClassNotFoundException': java/util/AbstractListBeanInfo> (0x00000000e0d29fe0) thrown at [D:\src\AOSP-openjdk-cygwin\jdk8u\hotspot\src\share\vm\classfile\systemDictionary.cpp, line 210]
Event: 15.819 Thread 0x00000000181c5800 Exception <a 'java/lang/ClassNotFoundException': java/util/AbstractListCustomizer> (0x00000000e0d35670) thrown at [D:\src\AOSP-openjdk-cygwin\jdk8u\hotspot\src\share\vm\classfile\systemDictionary.cpp, line 210]
Event: 15.820 Thread 0x00000000181c5800 Exception <a 'java/lang/ClassNotFoundException': java/util/ArrayListCustomizer> (0x00000000e0d4db28) thrown at [D:\src\AOSP-openjdk-cygwin\jdk8u\hotspot\src\share\vm\classfile\systemDictionary.cpp, line 210]
Event: 15.825 Thread 0x00000000181c5800 Implicit null exception at 0x000000000373d9dc to 0x000000000373ee35
Event: 15.835 Thread 0x00000000181c5800 Exception <a 'java/lang/ClassNotFoundException': org/gradle/api/internal/plugins/DefaultPluginContainerBeanInfo> (0x00000000e0ef8438) thrown at [D:\src\AOSP-openjdk-cygwin\jdk8u\hotspot\src\share\vm\classfile\systemDictionary.cpp, line 210]
Event: 15.836 Thread 0x00000000181c5800 Exception <a 'java/lang/ClassNotFoundException': org/gradle/api/internal/plugins/DefaultPluginCollectionBeanInfo> (0x00000000e0f33188) thrown at [D:\src\AOSP-openjdk-cygwin\jdk8u\hotspot\src\share\vm\classfile\systemDictionary.cpp, line 210]
Event: 15.839 Thread 0x00000000181c5800 Exception <a 'java/lang/ClassNotFoundException': org/gradle/api/internal/DefaultDomainObjectSetBeanInfo> (0x00000000e0f685f0) thrown at [D:\src\AOSP-openjdk-cygwin\jdk8u\hotspot\src\share\vm\classfile\systemDictionary.cpp, line 210]
Event: 15.841 Thread 0x00000000181c5800 Exception <a 'java/lang/ClassNotFoundException': org/gradle/api/internal/DefaultDomainObjectSetCustomizer> (0x00000000e0f9f268) thrown at [D:\src\AOSP-openjdk-cygwin\jdk8u\hotspot\src\share\vm\classfile\systemDictionary.cpp, line 210]
Event: 15.843 Thread 0x00000000181c5800 Exception <a 'java/lang/ClassNotFoundException': org/gradle/api/internal/plugins/DefaultPluginCollectionCustomizer> (0x00000000e0fed650) thrown at [D:\src\AOSP-openjdk-cygwin\jdk8u\hotspot\src\share\vm\classfile\systemDictionary.cpp, line 210]
Event: 15.883 Thread 0x00000000181c5800 Exception <a 'java/lang/ClassNotFoundException': org/gradle/api/internal/plugins/DefaultPluginContainerCustomizer> (0x00000000e1058aa8) thrown at [D:\src\AOSP-openjdk-cygwin\jdk8u\hotspot\src\share\vm\classfile\systemDictionary.cpp, line 210]

Events (10 events):
Event: 15.941 loading class com/android/sdklib/AndroidVersion$AndroidVersionException done
Event: 15.941 loading class org/gradle/api/plugins/JavaPlugin
Event: 15.941 loading class org/gradle/api/plugins/JavaPlugin done
Event: 15.941 loading class org/gradle/api/plugins/JavaPlugin
Event: 15.941 loading class org/gradle/api/plugins/JavaPlugin done
Event: 15.944 loading class com/android/build/gradle/internal/SdkLocator
Event: 15.944 loading class com/android/build/gradle/internal/SdkLocator done
Event: 15.947 loading class com/android/build/gradle/internal/SdkLocator$SdkLocationSource
Event: 15.947 loading class com/android/build/gradle/internal/SdkLocator$SdkLocationSource done
Event: 15.949 Executing VM operation: CollectForMetadataAllocation


Dynamic libraries:
0x00007ff629bb0000 - 0x00007ff629be1000 	C:\Program Files\Android\Android Studio\jre\bin\java.exe
0x00007ffb10f80000 - 0x00007ffb11170000 	C:\Windows\SYSTEM32\ntdll.dll
0x00007ffb10450000 - 0x00007ffb10502000 	C:\Windows\System32\KERNEL32.DLL
0x00007ffb0e230000 - 0x00007ffb0e4d3000 	C:\Windows\System32\KERNELBASE.dll
0x00007ffb109e0000 - 0x00007ffb10a83000 	C:\Windows\System32\ADVAPI32.dll
0x00007ffb10380000 - 0x00007ffb1041e000 	C:\Windows\System32\msvcrt.dll
0x00007ffb0fcd0000 - 0x00007ffb0fd67000 	C:\Windows\System32\sechost.dll
0x00007ffb0f060000 - 0x00007ffb0f180000 	C:\Windows\System32\RPCRT4.dll
0x00007ffb0fd70000 - 0x00007ffb0ff04000 	C:\Windows\System32\USER32.dll
0x00007ffb0dfe0000 - 0x00007ffb0e001000 	C:\Windows\System32\win32u.dll
0x00007ffb10e00000 - 0x00007ffb10e26000 	C:\Windows\System32\GDI32.dll
0x00007ffb0ed10000 - 0x00007ffb0eea4000 	C:\Windows\System32\gdi32full.dll
0x00007ffb0ef60000 - 0x00007ffb0effe000 	C:\Windows\System32\msvcp_win.dll
0x00007ffb0dee0000 - 0x00007ffb0dfda000 	C:\Windows\System32\ucrtbase.dll
0x00007ffb02580000 - 0x00007ffb02805000 	C:\Windows\WinSxS\amd64_microsoft.windows.common-controls_6595b64144ccf1df_6.0.18362.657_none_e6c5b579130e3898\COMCTL32.dll
0x00007ffb10510000 - 0x00007ffb10846000 	C:\Windows\System32\combase.dll
0x00007ffb0e510000 - 0x00007ffb0e590000 	C:\Windows\System32\bcryptPrimitives.dll
0x00007ffb10420000 - 0x00007ffb1044e000 	C:\Windows\System32\IMM32.DLL
0x0000000067c60000 - 0x0000000067d32000 	C:\Program Files\Android\Android Studio\jre\jre\bin\msvcr100.dll
0x0000000067070000 - 0x00000000678b6000 	C:\Program Files\Android\Android Studio\jre\jre\bin\server\jvm.dll
0x00007ffb10a90000 - 0x00007ffb10a98000 	C:\Windows\System32\PSAPI.DLL
0x00007ffb04ae0000 - 0x00007ffb04b04000 	C:\Windows\SYSTEM32\WINMM.dll
0x00007ffb06470000 - 0x00007ffb0647a000 	C:\Windows\SYSTEM32\VERSION.dll
0x00007ffb099c0000 - 0x00007ffb099c9000 	C:\Windows\SYSTEM32\WSOCK32.dll
0x00007ffb04a30000 - 0x00007ffb04a5d000 	C:\Windows\SYSTEM32\winmmbase.dll
0x00007ffb0ef10000 - 0x00007ffb0ef5a000 	C:\Windows\System32\cfgmgr32.dll
0x00007ffb10aa0000 - 0x00007ffb10b0f000 	C:\Windows\System32\WS2_32.dll
0x00007ffb089a0000 - 0x00007ffb089af000 	C:\Program Files\Android\Android Studio\jre\jre\bin\verify.dll
0x00007ffaf7d80000 - 0x00007ffaf7da9000 	C:\Program Files\Android\Android Studio\jre\jre\bin\java.dll
0x00007ffae6c50000 - 0x00007ffae6c66000 	C:\Program Files\Android\Android Studio\jre\jre\bin\zip.dll
0x00007ffb0f4a0000 - 0x00007ffb0fb85000 	C:\Windows\System32\SHELL32.dll
0x00007ffb10920000 - 0x00007ffb109c9000 	C:\Windows\System32\shcore.dll
0x00007ffb0e590000 - 0x00007ffb0ed0f000 	C:\Windows\System32\windows.storage.dll
0x00007ffb0dec0000 - 0x00007ffb0dedf000 	C:\Windows\System32\profapi.dll
0x00007ffb0de30000 - 0x00007ffb0de7a000 	C:\Windows\System32\powrprof.dll
0x00007ffb0de20000 - 0x00007ffb0de30000 	C:\Windows\System32\UMPDC.dll
0x00007ffb10eb0000 - 0x00007ffb10f02000 	C:\Windows\System32\shlwapi.dll
0x00007ffb0de80000 - 0x00007ffb0de91000 	C:\Windows\System32\kernel.appcore.dll
0x00007ffb0e010000 - 0x00007ffb0e027000 	C:\Windows\System32\cryptsp.dll
0x00007ffae6c30000 - 0x00007ffae6c4a000 	C:\Program Files\Android\Android Studio\jre\jre\bin\net.dll
0x00007ffb0d690000 - 0x00007ffb0d6f7000 	C:\Windows\system32\mswsock.dll
0x00007ffae6c10000 - 0x00007ffae6c21000 	C:\Program Files\Android\Android Studio\jre\jre\bin\nio.dll
0x00007ffae8560000 - 0x00007ffae8586000 	C:\Users\Dell\.gradle\native\29\windows-amd64\native-platform.dll
0x00007ffb08990000 - 0x00007ffb0899d000 	C:\Program Files\Android\Android Studio\jre\jre\bin\management.dll
0x00007ffb0d200000 - 0x00007ffb0d233000 	C:\Windows\system32\rsaenh.dll
0x00007ffb0e4e0000 - 0x00007ffb0e506000 	C:\Windows\System32\bcrypt.dll
0x00007ffb0dd40000 - 0x00007ffb0dd65000 	C:\Windows\SYSTEM32\USERENV.dll
0x00007ffb0d860000 - 0x00007ffb0d86c000 	C:\Windows\SYSTEM32\CRYPTBASE.dll
0x00007ffb0d3a0000 - 0x00007ffb0d3da000 	C:\Windows\SYSTEM32\IPHLPAPI.DLL
0x00007ffb0f430000 - 0x00007ffb0f438000 	C:\Windows\System32\NSI.dll
0x00007ffb06390000 - 0x00007ffb063a6000 	C:\Windows\SYSTEM32\dhcpcsvc6.DLL
0x00007ffb06ae0000 - 0x00007ffb06afc000 	C:\Windows\SYSTEM32\dhcpcsvc.DLL
0x00007ffb0d3e0000 - 0x00007ffb0d4aa000 	C:\Windows\SYSTEM32\DNSAPI.dll

VM Arguments:
jvm_args: -Xmx1536m -Dfile.encoding=windows-1252 -Duser.country=US -Duser.language=en -Duser.variant 
java_command: org.gradle.launcher.daemon.bootstrap.GradleDaemon 5.4.1
java_class_path (initial): C:\Users\Dell\.gradle\wrapper\dists\gradle-5.4.1-all\3221gyojl5jsh0helicew7rwx\gradle-5.4.1\lib\gradle-launcher-5.4.1.jar
Launcher Type: SUN_STANDARD

Environment Variables:
PATH=C:\Windows\system32;C:\Windows;C:\Windows\System32\Wbem;C:\Windows\System32\WindowsPowerShell\v1.0\;C:\Windows\System32\OpenSSH\;C:\Users\Dell\Anaconda3;C:\Users\Dell\Anaconda3\Library\mingw-w64\bin;C:\Users\Dell\Anaconda3\Library\usr\bin;C:\Users\Dell\Anaconda3\Library\bin;C:\Users\Dell\Anaconda3\Scripts;C:\Users\Dell\AppData\Local\Microsoft\WindowsApps
USERNAME=Priya
OS=Windows_NT
PROCESSOR_IDENTIFIER=Intel64 Family 6 Model 78 Stepping 3, GenuineIntel



---------------  S Y S T E M  ---------------

OS: Windows 10.0 , 64 bit Build 18362 (10.0.18362.329)

CPU:total 4 (initial active 4) (2 cores per cpu, 2 threads per core) family 6 model 78 stepping 3, cmov, cx8, fxsr, mmx, sse, sse2, sse3, ssse3, sse4.1, sse4.2, popcnt, avx, avx2, aes, clmul, erms, 3dnowpref, lzcnt, ht, tsc, tscinvbit, bmi1, bmi2, adx

Memory: 4k page, physical 8277912k(1027724k free), swap 10615684k(5176k free)

vm_info: OpenJDK 64-Bit Server VM (25.202-b03) for windows-amd64 JRE (1.8.0_202-release-1483-b03), built by "builder" with MS VC++ 10.0 (VS2010)

time: Tue Feb 25 15:24:53 2020
timezone: India Standard Time
elapsed time: 15 seconds (0d 0h 0m 15s)

